<?xml version='1.0'?>
<ns2:test-suite xmlns:ns2='urn:model.allure.qatools.yandex.ru' start='1608599056088' stop='1608599057784'>
    <name>Checking the content on project page</name>
    <title>Checking the content on project page</title>
    <test-cases>
        <test-case start='1608599056088' status='passed' stop='1608599057011'>
            <name>check the existence of tunecore project in view</name>
            <title>check the existence of tunecore project in view</title>
            <labels>
                <label name='language' value='javascript'/>
                <label name='framework' value='wdio'/>
                <label name='thread' value='0-1'/>
            </labels>
            <parameters>
                <parameter kind='argument' name='browser' value='Chrome-87.0.4280.88'/>
            </parameters>
            <steps/>
            <attachments/>
        </test-case>
        <test-case start='1608599057012' status='failed' stop='1608599057784'>
            <name>check the existence of modus project in view</name>
            <title>check the existence of modus project in view</title>
            <labels>
                <label name='language' value='javascript'/>
                <label name='framework' value='wdio'/>
                <label name='thread' value='0-1'/>
            </labels>
            <parameters>
                <parameter kind='argument' name='browser' value='Chrome-87.0.4280.88'/>
            </parameters>
            <steps/>
            <attachments/>
            <failure>
                <message>Modus should not be in limelight: expected false to be true</message>
                <stack-trace>AssertionError: Modus should not be in limelight: expected false to be true
                    at Context.&lt;anonymous> (/Users/Srinivas/Documents/Jouer/test/specs/project/project.test.js:13:14)</stack-trace>
            </failure>
        </test-case>
    </test-cases>
</ns2:test-suite>