<?xml version='1.0'?>
<ns2:test-suite xmlns:ns2='urn:model.allure.qatools.yandex.ru' start='1608504734425' stop='1608504734967'>
    <name>Checking the content on project page</name>
    <title>Checking the content on project page</title>
    <test-cases>
        <test-case start='1608504734425' status='failed' stop='1608504734966'>
            <name>check the style of tunecore card</name>
            <title>check the style of tunecore card</title>
            <labels>
                <label name='language' value='javascript'/>
                <label name='framework' value='wdio'/>
                <label name='thread' value='0-1'/>
            </labels>
            <parameters>
                <parameter kind='argument' name='browser' value='Chrome-87.0.4280.88'/>
            </parameters>
            <steps/>
            <attachments/>
            <failure>
                <message>expected 'color: rgb(255, 255, 255);' to deeply equal [Function: getStyleOfTunecore]</message>
                <stack-trace>AssertionError: expected 'color: rgb(255, 255, 255);' to deeply equal [Function: getStyleOfTunecore]
                    at Context.&lt;anonymous> (/Users/Srinivas/Documents/December/test/specs/project/project.test.js:8:45)</stack-trace>
            </failure>
        </test-case>
    </test-cases>
</ns2:test-suite>