<?xml version='1.0'?>
<ns2:test-suite xmlns:ns2='urn:model.allure.qatools.yandex.ru' start='1608488581133' stop='1608488581769'>
    <name>checking the primary content on home page</name>
    <title>checking the primary content on home page</title>
    <test-cases>
        <test-case start='1608488581134' status='failed' stop='1608488581768'>
            <name>check the menu link</name>
            <title>check the menu link</title>
            <labels>
                <label name='language' value='javascript'/>
                <label name='framework' value='wdio'/>
                <label name='thread' value='0-0'/>
            </labels>
            <parameters>
                <parameter kind='argument' name='browser' value='Chrome-87.0.4280.88'/>
            </parameters>
            <steps/>
            <attachments/>
            <failure>
                <message>expected [ Array(7) ] to deeply equal undefined</message>
                <stack-trace>AssertionError: expected [ Array(7) ] to deeply equal undefined
                    at Context.&lt;anonymous> (/Users/Srinivas/Documents/December/test/specs/home.test.js:10:46)</stack-trace>
            </failure>
        </test-case>
    </test-cases>
</ns2:test-suite>